[2025-06-30T23:03:20.469Z] START_TYPING: 26 started typing
[2025-06-30T23:03:29.249Z] VALIDATE_WORD: 26 word "salut" answer "orfes". INFOS: attempts 1 time 8s
[2025-07-01T06:15:05.750Z] START_TYPING: 28 started typing
[2025-07-01T06:18:35.707Z] VALIDATE_WORD: 9 word "forty" answer "orfes". INFOS: attempts 1 time 209s
[2025-07-01T06:18:54.264Z] VALIDATE_WORD: 9 word "juice" answer "orfes". INFOS: attempts 2 time 228s
[2025-07-01T06:19:18.034Z] VALIDATE_WORD: 9 word "stamp" answer "orfes". INFOS: attempts 3 time 252s
[2025-07-01T06:32:49.982Z] VALIDATE_WORD: 9 word "offer" answer "orfes". INFOS: attempts 4 time 1064s
[2025-07-01T06:33:14.297Z] VALIDATE_WORD: 9 word "orfes" answer "orfes". INFOS: attempts 5 time 1088s
[2025-07-01T06:33:14.298Z] SAVE_RESULTS: 9 word "orfes" time 1088.546s attempts 5 date 01-07-2025
[2025-07-01T06:43:06.894Z] VALIDATE_WORD: 7 word "brain" answer "orfes". INFOS: attempts 6 time 1681s
[2025-07-01T06:43:06.894Z] SAVE_RESULTS: 7 word "brain" time 1681.143s attempts 7 date 01-07-2025
[2025-07-01T06:43:10.519Z] VALIDATE_WORD: 7 word "loves" answer "orfes". INFOS: attempts 7 time 1684s
[2025-07-01T06:43:10.520Z] SAVE_RESULTS: 7 word "loves" time 1684.769s attempts 7 date 01-07-2025
[2025-07-01T06:45:45.024Z] VALIDATE_WORD: 2 word "orfes" answer "orfes". INFOS: attempts 8 time 1839s
[2025-07-01T06:45:45.024Z] SAVE_RESULTS: 2 word "orfes" time 1839.273s attempts 8 date 01-07-2025
[2025-07-01T06:54:07.108Z] START_TYPING: 1 started typing
[2025-07-01T06:56:21.518Z] START_TYPING: 1 started typing
[2025-07-01T06:57:02.587Z] START_TYPING: 1 started typing
[2025-07-01T06:57:03.404Z] VALIDATE_WORD: 1 word "tests" answer "orfes". INFOS: attempts 1 time 0s
[2025-07-01T06:57:10.694Z] VALIDATE_WORD: 1 word "orfes" answer "orfes". INFOS: attempts 2 time 8s
[2025-07-01T06:57:10.695Z] SAVE_RESULTS: 1 word "orfes" time 8.105s attempts 2 date 01-07-2025
